SLURM_JOB_ID: 64627411
SLURM_JOB_USER: vsc35700
SLURM_JOB_ACCOUNT: lp_dreesenlab
SLURM_JOB_NAME: benchmarking.py
SLURM_CLUSTER_NAME: wice
SLURM_JOB_PARTITION: batch
SLURM_NNODES: 1
SLURM_NODELIST: m28c32n4
SLURM_JOB_CPUS_PER_NODE: 3
Date: Sun Jun 15 21:33:35 CEST 2025
Walltime: 00-01:00:00
========================================================================
Requirement already satisfied: matplotlib in /user/leuven/357/vsc35700/.local/lib/python3.13/site-packages (3.10.3)
Requirement already satisfied: contourpy>=1.0.1 in /user/leuven/357/vsc35700/.local/lib/python3.13/site-packages (from matplotlib) (1.3.2)
Requirement already satisfied: cycler>=0.10 in /user/leuven/357/vsc35700/.local/lib/python3.13/site-packages (from matplotlib) (0.12.1)
Requirement already satisfied: fonttools>=4.22.0 in /user/leuven/357/vsc35700/.local/lib/python3.13/site-packages (from matplotlib) (4.58.2)
Requirement already satisfied: kiwisolver>=1.3.1 in /user/leuven/357/vsc35700/.local/lib/python3.13/site-packages (from matplotlib) (1.4.8)
Requirement already satisfied: numpy>=1.23 in /user/leuven/357/vsc35700/.local/lib/python3.13/site-packages (from matplotlib) (2.2.6)
Requirement already satisfied: packaging>=20.0 in /apps/leuven/rocky8/icelake/2025a/software/Python/3.13.1-GCCcore-14.2.0/lib/python3.13/site-packages (from matplotlib) (24.2)
Requirement already satisfied: pillow>=8 in /user/leuven/357/vsc35700/.local/lib/python3.13/site-packages (from matplotlib) (11.2.1)
Requirement already satisfied: pyparsing>=2.3.1 in /user/leuven/357/vsc35700/.local/lib/python3.13/site-packages (from matplotlib) (3.2.3)
Requirement already satisfied: python-dateutil>=2.7 in /user/leuven/357/vsc35700/.local/lib/python3.13/site-packages (from matplotlib) (2.9.0.post0)
Requirement already satisfied: six>=1.5 in /user/leuven/357/vsc35700/.local/lib/python3.13/site-packages (from python-dateutil>=2.7->matplotlib) (1.17.0)

[notice] A new release of pip is available: 24.3.1 -> 25.1.1
[notice] To update, run: pip install --upgrade pip
